2016-04-28T10:57:18.719Z - [31merror[39m: uncaughtException: SegfaultHandler is not defined date=Thu Apr 28 2016 12:57:18 GMT+0200 (CEST), pid=2930, uid=1001, gid=1001, cwd=/home/seb/git/osd-zoom-server, execPath=/usr/bin/nodejs, version=v4.2.6, argv=[/usr/bin/nodejs, /home/seb/git/osd-zoom-server/app], rss=77090816, heapTotal=57986656, heapUsed=30874032, loadavg=[0.0703125, 0.04345703125, 0.04931640625], uptime=11593, trace=[column=1, file=/home/seb/git/osd-zoom-server/app.js, function=, line=29, method=null, native=false, column=26, file=module.js, function=Module._compile, line=410, method=_compile, native=false, column=10, file=module.js, function=Object.Module._extensions..js, line=417, method=Module._extensions..js, native=false, column=32, file=module.js, function=Module.load, line=344, method=load, native=false, column=12, file=module.js, function=Function.Module._load, line=301, method=Module._load, native=false, column=10, file=module.js, function=Function.Module.runMain, line=442, method=Module.runMain, native=false, column=18, file=node.js, function=startup, line=136, method=null, native=false, column=3, file=node.js, function=null, line=966, method=null, native=false], stack=[ReferenceError: SegfaultHandler is not defined,     at Object.<anonymous> (/home/seb/git/osd-zoom-server/app.js:29:1),     at Module._compile (module.js:410:26),     at Object.Module._extensions..js (module.js:417:10),     at Module.load (module.js:344:32),     at Function.Module._load (module.js:301:12),     at Function.Module.runMain (module.js:442:10),     at startup (node.js:136:18),     at node.js:966:3]
2016-04-28T11:03:03.783Z - [34mdebug[39m: Overriding 'Express' logger
2016-04-28T11:03:03.788Z - [32minfo[39m: Serving images from /mnt/fotoII/ on port 4000
2016-04-28T11:03:24.839Z - [31merror[39m: uncaughtException: Module did not self-register. date=Thu Apr 28 2016 13:03:24 GMT+0200 (CEST), pid=2960, uid=1001, gid=1001, cwd=/home/seb/git/osd-zoom-server, execPath=/usr/bin/nodejs, version=v4.2.6, argv=[/usr/bin/nodejs, /home/seb/git/osd-zoom-server/app], rss=49475584, heapTotal=32200288, heapUsed=18463688, loadavg=[0.0029296875, 0.02197265625, 0.04541015625], uptime=11959, trace=[column=null, file=null, function=Error, line=null, method=null, native=true, column=18, file=module.js, function=Object.Module._extensions..node, line=435, method=Module._extensions..node, native=false, column=32, file=module.js, function=Module.load, line=344, method=load, native=false, column=12, file=module.js, function=Function.Module._load, line=301, method=Module._load, native=false, column=17, file=module.js, function=Module.require, line=354, method=require, native=false, column=17, file=internal/module.js, function=require, line=12, method=null, native=false, column=44, file=/home/seb/git/osd-zoom-server/node_modules/bindings/bindings.js, function=bindings, line=76, method=null, native=false, column=37, file=/home/seb/git/osd-zoom-server/node_modules/segfault-handler/index.js, function=, line=3, method=null, native=false, column=26, file=module.js, function=Module._compile, line=410, method=_compile, native=false, column=10, file=module.js, function=Object.Module._extensions..js, line=417, method=Module._extensions..js, native=false], stack=[Error: Module did not self-register.,     at Error (native),     at Object.Module._extensions..node (module.js:435:18),     at Module.load (module.js:344:32),     at Function.Module._load (module.js:301:12),     at Module.require (module.js:354:17),     at require (internal/module.js:12:17),     at bindings (/home/seb/git/osd-zoom-server/node_modules/bindings/bindings.js:76:44),     at Object.<anonymous> (/home/seb/git/osd-zoom-server/node_modules/segfault-handler/index.js:3:37),     at Module._compile (module.js:410:26),     at Object.Module._extensions..js (module.js:417:10)]
2016-04-28T11:06:20.653Z - [31merror[39m: uncaughtException: Cannot find module 'segfault-handler' date=Thu Apr 28 2016 13:06:20 GMT+0200 (CEST), pid=2998, uid=1001, gid=1001, cwd=/home/seb/git/osd-zoom-server, execPath=/usr/bin/nodejs, version=v4.2.6, argv=[/usr/bin/nodejs, /home/seb/git/osd-zoom-server/app], rss=49803264, heapTotal=32200288, heapUsed=18287840, loadavg=[0.15625, 0.04736328125, 0.0556640625], uptime=12135, trace=[column=15, file=module.js, function=Function.Module._resolveFilename, line=326, method=Module._resolveFilename, native=false, column=25, file=module.js, function=Function.Module._load, line=277, method=Module._load, native=false, column=17, file=module.js, function=Module.require, line=354, method=require, native=false, column=17, file=internal/module.js, function=require, line=12, method=null, native=false, column=23, file=/home/seb/git/osd-zoom-server/app.js, function=, line=6, method=null, native=false, column=26, file=module.js, function=Module._compile, line=410, method=_compile, native=false, column=10, file=module.js, function=Object.Module._extensions..js, line=417, method=Module._extensions..js, native=false, column=32, file=module.js, function=Module.load, line=344, method=load, native=false, column=12, file=module.js, function=Function.Module._load, line=301, method=Module._load, native=false, column=10, file=module.js, function=Function.Module.runMain, line=442, method=Module.runMain, native=false], stack=[Error: Cannot find module 'segfault-handler',     at Function.Module._resolveFilename (module.js:326:15),     at Function.Module._load (module.js:277:25),     at Module.require (module.js:354:17),     at require (internal/module.js:12:17),     at Object.<anonymous> (/home/seb/git/osd-zoom-server/app.js:6:23),     at Module._compile (module.js:410:26),     at Object.Module._extensions..js (module.js:417:10),     at Module.load (module.js:344:32),     at Function.Module._load (module.js:301:12),     at Function.Module.runMain (module.js:442:10)]
2016-04-28T11:07:30.680Z - [34mdebug[39m: Overriding 'Express' logger
2016-04-28T11:07:30.682Z - [32minfo[39m: Serving images from /mnt/damapistorage/dev/ on port 4000
2016-04-28T11:07:59.618Z - [34mdebug[39m: Overriding 'Express' logger
2016-04-28T11:07:59.621Z - [32minfo[39m: Serving images from /mnt/damapistorage/dev/ on port 4000
2016-04-28T11:08:54.380Z - [32minfo[39m: Solr Constructor csdev-seb-02:8983
2016-04-28T11:08:54.425Z - [32minfo[39m: STATUS: 200
2016-04-28T11:08:54.425Z - [32minfo[39m: HEADERS: {"content-type":"text/plain; charset=UTF-8","connection":"close"}
2016-04-28T11:08:54.434Z - [34mdebug[39m: Solr: response received {
    "responseHeader": {
        "status": 0,
        "QTime": 9,
        "params": {
            "fl": "value,id,invnumber",
            "sort": "created desc",
            "q": "id:\"kms1\" OR invnumber:\"kms1\"",
            "wt": "json"
        }
    },
    "response": {
        "numFound": 2,
        "start": 0,
        "docs": [
            {
                "id": "564af3627fab5",
                "invnumber": "kms1",
                "value": "/mnt/damapistorage/dev/kms1_564af3627fab5_pyr.tif"
            },
            {
                "id": "564af362cee7c",
                "invnumber": "kms1",
                "value": "/mnt/damapistorage/dev/kms1_564af362cee7c_pyr.tif"
            }
        ]
    }
}
2016-04-28T11:08:54.437Z - [32minfo[39m: zoom:getImageData - solr numfound: status=0, QTime=9, fl=value,id,invnumber, sort=created desc, q=id:"kms1" OR invnumber:"kms1", wt=json, numFound=2, start=0, docs=[id=564af3627fab5, invnumber=kms1, value=/mnt/damapistorage/dev/kms1_564af3627fab5_pyr.tif, id=564af362cee7c, invnumber=kms1, value=/mnt/damapistorage/dev/kms1_564af362cee7c_pyr.tif]
2016-04-28T11:09:20.519Z - [32minfo[39m: Solr Constructor csdev-seb-02:8983
2016-04-28T11:09:20.528Z - [32minfo[39m: STATUS: 200
2016-04-28T11:09:20.528Z - [32minfo[39m: HEADERS: {"content-type":"text/plain; charset=UTF-8","connection":"close"}
2016-04-28T11:09:20.532Z - [34mdebug[39m: Solr: response received {
    "responseHeader": {
        "status": 0,
        "QTime": 2,
        "params": {
            "fl": "value,id,invnumber",
            "sort": "created desc",
            "q": "id:\"kms1384\" OR invnumber:\"kms1384\"",
            "wt": "json"
        }
    },
    "response": {
        "numFound": 4,
        "start": 0,
        "docs": [
            {
                "id": "564af362a8f85",
                "invnumber": "kms1384",
                "value": "/mnt/damapistorage/dev/kms1384_564af362a8f85_pyr.tif"
            },
            {
                "id": "564af362a8fa9",
                "invnumber": "kms1384",
                "value": "/mnt/damapistorage/dev/kms1384_564af362a8fa9_pyr.tif"
            },
            {
                "id": "564af362cbde5",
                "invnumber": "kms1384",
                "value": "/mnt/damapistorage/dev/kms1384_564af362cbde5_pyr.tif"
            },
            {
                "id": "564af362d13b9",
                "invnumber": "kms1384",
                "value": "/mnt/damapistorage/dev/kms1384_564af362d13b9_pyr.tif"
            }
        ]
    }
}
2016-04-28T11:09:20.532Z - [32minfo[39m: zoom:getImageData - solr numfound: status=0, QTime=2, fl=value,id,invnumber, sort=created desc, q=id:"kms1384" OR invnumber:"kms1384", wt=json, numFound=4, start=0, docs=[id=564af362a8f85, invnumber=kms1384, value=/mnt/damapistorage/dev/kms1384_564af362a8f85_pyr.tif, id=564af362a8fa9, invnumber=kms1384, value=/mnt/damapistorage/dev/kms1384_564af362a8fa9_pyr.tif, id=564af362cbde5, invnumber=kms1384, value=/mnt/damapistorage/dev/kms1384_564af362cbde5_pyr.tif, id=564af362d13b9, invnumber=kms1384, value=/mnt/damapistorage/dev/kms1384_564af362d13b9_pyr.tif]
